C:\USERS\LINKE\DESKTOP\4\TINYTHIEF\TINYTHIEF\DEBUG\TINYTHIEF.ILK
C:\USERS\LINKE\DESKTOP\4\TINYTHIEF\TINYTHIEF\DEBUG\TINYTHIEF.EXE
C:\USERS\LINKE\DESKTOP\4\TINYTHIEF\TINYTHIEF\DEBUG\TINYTHIEF.PDB
C:\USERS\LINKE\DESKTOP\4\TINYTHIEF\TINYTHIEF\TINYTHIEF\DEBUG\RSRC.RES
C:\Users\linke\Desktop\4\TinyThief\TinyThief\TinyThief\Debug\main.obj
C:\Users\linke\Desktop\4\TinyThief\TinyThief\TinyThief\Debug\link-cvtres.read.1.tlog
C:\Users\linke\Desktop\4\TinyThief\TinyThief\TinyThief\Debug\link-cvtres.write.1.tlog
C:\Users\linke\Desktop\4\TinyThief\TinyThief\TinyThief\Debug\link-rc.read.1.tlog
C:\Users\linke\Desktop\4\TinyThief\TinyThief\TinyThief\Debug\link-rc.write.1.tlog
C:\Users\linke\Desktop\4\TinyThief\TinyThief\TinyThief\Debug\link.command.1.tlog
C:\Users\linke\Desktop\4\TinyThief\TinyThief\TinyThief\Debug\link.read.1.tlog
C:\Users\linke\Desktop\4\TinyThief\TinyThief\TinyThief\Debug\link.write.1.tlog
C:\Users\linke\Desktop\4\TinyThief\TinyThief\TinyThief\Debug\rc.command.1.tlog
C:\Users\linke\Desktop\4\TinyThief\TinyThief\TinyThief\Debug\rc.read.1.tlog
C:\Users\linke\Desktop\4\TinyThief\TinyThief\TinyThief\Debug\rc.write.1.tlog
C:\Users\linke\Desktop\4\TinyThief\TinyThief\TinyThief\Debug\TinyThief.write.1.tlog
C:\Users\linke\Desktop\4\TinyThief\TinyThief\TinyThief\Debug\rsrc.res
C:\Users\linke\Desktop\4\TinyThief\TinyThief\Debug\TinyThief.pdb
C:\Users\linke\Desktop\4\TinyThief\TinyThief\Debug\TinyThief.exe
C:\Users\linke\Desktop\4\TinyThief\TinyThief\Debug\TinyThief.ilk
